<!DOCTYPE html>
<html>
<head>
<meta http-equiv="Content-Type" content="text/html; charset=utf-8"/>
<meta http-equiv="x-ua-compatible" content="IE=edge"/>
<title>Test results - ReviewRestControllerTest</title>
<link href="../css/base-style.css" rel="stylesheet" type="text/css"/>
<link href="../css/style.css" rel="stylesheet" type="text/css"/>
<script src="../js/report.js" type="text/javascript"></script>
</head>
<body>
<div id="content">
<h1>ReviewRestControllerTest</h1>
<div class="breadcrumbs">
<a href="../index.html">all</a> &gt; 
<a href="../packages/bdbe.bdbd.review.html">bdbe.bdbd.review</a> &gt; ReviewRestControllerTest</div>
<div id="summary">
<table>
<tr>
<td>
<div class="summaryGroup">
<table>
<tr>
<td>
<div class="infoBox" id="tests">
<div class="counter">3</div>
<p>tests</p>
</div>
</td>
<td>
<div class="infoBox" id="failures">
<div class="counter">2</div>
<p>failures</p>
</div>
</td>
<td>
<div class="infoBox" id="ignored">
<div class="counter">0</div>
<p>ignored</p>
</div>
</td>
<td>
<div class="infoBox" id="duration">
<div class="counter">0.244s</div>
<p>duration</p>
</div>
</td>
</tr>
</table>
</div>
</td>
<td>
<div class="infoBox failures" id="successRate">
<div class="percent">33%</div>
<p>successful</p>
</div>
</td>
</tr>
</table>
</div>
<div id="tabs">
<ul class="tabLinks">
<li>
<a href="#tab0">Failed tests</a>
</li>
<li>
<a href="#tab1">Tests</a>
</li>
<li>
<a href="#tab2">Standard output</a>
</li>
</ul>
<div id="tab0" class="tab">
<h2>Failed tests</h2>
<div class="test">
<a name="createReviewTest()"></a>
<h3 class="failures">리뷰 등록 기능</h3>
<span class="code">
<pre>java.lang.AssertionError: No value at JSON path &quot;$.success&quot;
	at org.springframework.test.util.JsonPathExpectationsHelper.evaluateJsonPath(JsonPathExpectationsHelper.java:304)
	at org.springframework.test.util.JsonPathExpectationsHelper.assertValue(JsonPathExpectationsHelper.java:99)
	at org.springframework.test.web.servlet.result.JsonPathResultMatchers.lambda$value$2(JsonPathResultMatchers.java:111)
	at org.springframework.test.web.servlet.MockMvc$1.andExpect(MockMvc.java:214)
	at bdbe.bdbd.review.ReviewRestControllerTest.createReviewTest(ReviewRestControllerTest.java:129)
	at java.base/jdk.internal.reflect.NativeMethodAccessorImpl.invoke0(Native Method)
	at java.base/jdk.internal.reflect.NativeMethodAccessorImpl.invoke(NativeMethodAccessorImpl.java:62)
	at java.base/jdk.internal.reflect.DelegatingMethodAccessorImpl.invoke(DelegatingMethodAccessorImpl.java:43)
	at java.base/java.lang.reflect.Method.invoke(Method.java:566)
	at org.junit.platform.commons.util.ReflectionUtils.invokeMethod(ReflectionUtils.java:725)
	at org.junit.jupiter.engine.execution.MethodInvocation.proceed(MethodInvocation.java:60)
	at org.junit.jupiter.engine.execution.InvocationInterceptorChain$ValidatingInvocation.proceed(InvocationInterceptorChain.java:131)
	at org.junit.jupiter.engine.extension.TimeoutExtension.intercept(TimeoutExtension.java:149)
	at org.junit.jupiter.engine.extension.TimeoutExtension.interceptTestableMethod(TimeoutExtension.java:140)
	at org.junit.jupiter.engine.extension.TimeoutExtension.interceptTestMethod(TimeoutExtension.java:84)
	at org.junit.jupiter.engine.execution.ExecutableInvoker$ReflectiveInterceptorCall.lambda$ofVoidMethod$0(ExecutableInvoker.java:115)
	at org.junit.jupiter.engine.execution.ExecutableInvoker.lambda$invoke$0(ExecutableInvoker.java:105)
	at org.junit.jupiter.engine.execution.InvocationInterceptorChain$InterceptedInvocation.proceed(InvocationInterceptorChain.java:106)
	at org.junit.jupiter.engine.execution.InvocationInterceptorChain.proceed(InvocationInterceptorChain.java:64)
	at org.junit.jupiter.engine.execution.InvocationInterceptorChain.chainAndInvoke(InvocationInterceptorChain.java:45)
	at org.junit.jupiter.engine.execution.InvocationInterceptorChain.invoke(InvocationInterceptorChain.java:37)
	at org.junit.jupiter.engine.execution.ExecutableInvoker.invoke(ExecutableInvoker.java:104)
	at org.junit.jupiter.engine.execution.ExecutableInvoker.invoke(ExecutableInvoker.java:98)
	at org.junit.jupiter.engine.descriptor.TestMethodTestDescriptor.lambda$invokeTestMethod$7(TestMethodTestDescriptor.java:214)
	at org.junit.platform.engine.support.hierarchical.ThrowableCollector.execute(ThrowableCollector.java:73)
	at org.junit.jupiter.engine.descriptor.TestMethodTestDescriptor.invokeTestMethod(TestMethodTestDescriptor.java:210)
	at org.junit.jupiter.engine.descriptor.TestMethodTestDescriptor.execute(TestMethodTestDescriptor.java:135)
	at org.junit.jupiter.engine.descriptor.TestMethodTestDescriptor.execute(TestMethodTestDescriptor.java:66)
	at org.junit.platform.engine.support.hierarchical.NodeTestTask.lambda$executeRecursively$6(NodeTestTask.java:151)
	at org.junit.platform.engine.support.hierarchical.ThrowableCollector.execute(ThrowableCollector.java:73)
	at org.junit.platform.engine.support.hierarchical.NodeTestTask.lambda$executeRecursively$8(NodeTestTask.java:141)
	at org.junit.platform.engine.support.hierarchical.Node.around(Node.java:137)
	at org.junit.platform.engine.support.hierarchical.NodeTestTask.lambda$executeRecursively$9(NodeTestTask.java:139)
	at org.junit.platform.engine.support.hierarchical.ThrowableCollector.execute(ThrowableCollector.java:73)
	at org.junit.platform.engine.support.hierarchical.NodeTestTask.executeRecursively(NodeTestTask.java:138)
	at org.junit.platform.engine.support.hierarchical.NodeTestTask.execute(NodeTestTask.java:95)
	at java.base/java.util.ArrayList.forEach(ArrayList.java:1541)
	at org.junit.platform.engine.support.hierarchical.SameThreadHierarchicalTestExecutorService.invokeAll(SameThreadHierarchicalTestExecutorService.java:41)
	at org.junit.platform.engine.support.hierarchical.NodeTestTask.lambda$executeRecursively$6(NodeTestTask.java:155)
	at org.junit.platform.engine.support.hierarchical.ThrowableCollector.execute(ThrowableCollector.java:73)
	at org.junit.platform.engine.support.hierarchical.NodeTestTask.lambda$executeRecursively$8(NodeTestTask.java:141)
	at org.junit.platform.engine.support.hierarchical.Node.around(Node.java:137)
	at org.junit.platform.engine.support.hierarchical.NodeTestTask.lambda$executeRecursively$9(NodeTestTask.java:139)
	at org.junit.platform.engine.support.hierarchical.ThrowableCollector.execute(ThrowableCollector.java:73)
	at org.junit.platform.engine.support.hierarchical.NodeTestTask.executeRecursively(NodeTestTask.java:138)
	at org.junit.platform.engine.support.hierarchical.NodeTestTask.execute(NodeTestTask.java:95)
	at java.base/java.util.ArrayList.forEach(ArrayList.java:1541)
	at org.junit.platform.engine.support.hierarchical.SameThreadHierarchicalTestExecutorService.invokeAll(SameThreadHierarchicalTestExecutorService.java:41)
	at org.junit.platform.engine.support.hierarchical.NodeTestTask.lambda$executeRecursively$6(NodeTestTask.java:155)
	at org.junit.platform.engine.support.hierarchical.ThrowableCollector.execute(ThrowableCollector.java:73)
	at org.junit.platform.engine.support.hierarchical.NodeTestTask.lambda$executeRecursively$8(NodeTestTask.java:141)
	at org.junit.platform.engine.support.hierarchical.Node.around(Node.java:137)
	at org.junit.platform.engine.support.hierarchical.NodeTestTask.lambda$executeRecursively$9(NodeTestTask.java:139)
	at org.junit.platform.engine.support.hierarchical.ThrowableCollector.execute(ThrowableCollector.java:73)
	at org.junit.platform.engine.support.hierarchical.NodeTestTask.executeRecursively(NodeTestTask.java:138)
	at org.junit.platform.engine.support.hierarchical.NodeTestTask.execute(NodeTestTask.java:95)
	at org.junit.platform.engine.support.hierarchical.SameThreadHierarchicalTestExecutorService.submit(SameThreadHierarchicalTestExecutorService.java:35)
	at org.junit.platform.engine.support.hierarchical.HierarchicalTestExecutor.execute(HierarchicalTestExecutor.java:57)
	at org.junit.platform.engine.support.hierarchical.HierarchicalTestEngine.execute(HierarchicalTestEngine.java:54)
	at org.junit.platform.launcher.core.EngineExecutionOrchestrator.execute(EngineExecutionOrchestrator.java:107)
	at org.junit.platform.launcher.core.EngineExecutionOrchestrator.execute(EngineExecutionOrchestrator.java:88)
	at org.junit.platform.launcher.core.EngineExecutionOrchestrator.lambda$execute$0(EngineExecutionOrchestrator.java:54)
	at org.junit.platform.launcher.core.EngineExecutionOrchestrator.withInterceptedStreams(EngineExecutionOrchestrator.java:67)
	at org.junit.platform.launcher.core.EngineExecutionOrchestrator.execute(EngineExecutionOrchestrator.java:52)
	at org.junit.platform.launcher.core.DefaultLauncher.execute(DefaultLauncher.java:114)
	at org.junit.platform.launcher.core.DefaultLauncher.execute(DefaultLauncher.java:86)
	at org.junit.platform.launcher.core.DefaultLauncherSession$DelegatingLauncher.execute(DefaultLauncherSession.java:86)
	at org.gradle.api.internal.tasks.testing.junitplatform.JUnitPlatformTestClassProcessor$CollectAllTestClassesExecutor.processAllTestClasses(JUnitPlatformTestClassProcessor.java:110)
	at org.gradle.api.internal.tasks.testing.junitplatform.JUnitPlatformTestClassProcessor$CollectAllTestClassesExecutor.access$000(JUnitPlatformTestClassProcessor.java:90)
	at org.gradle.api.internal.tasks.testing.junitplatform.JUnitPlatformTestClassProcessor.stop(JUnitPlatformTestClassProcessor.java:85)
	at org.gradle.api.internal.tasks.testing.SuiteTestClassProcessor.stop(SuiteTestClassProcessor.java:62)
	at java.base/jdk.internal.reflect.NativeMethodAccessorImpl.invoke0(Native Method)
	at java.base/jdk.internal.reflect.NativeMethodAccessorImpl.invoke(NativeMethodAccessorImpl.java:62)
	at java.base/jdk.internal.reflect.DelegatingMethodAccessorImpl.invoke(DelegatingMethodAccessorImpl.java:43)
	at java.base/java.lang.reflect.Method.invoke(Method.java:566)
	at org.gradle.internal.dispatch.ReflectionDispatch.dispatch(ReflectionDispatch.java:36)
	at org.gradle.internal.dispatch.ReflectionDispatch.dispatch(ReflectionDispatch.java:24)
	at org.gradle.internal.dispatch.ContextClassLoaderDispatch.dispatch(ContextClassLoaderDispatch.java:33)
	at org.gradle.internal.dispatch.ProxyDispatchAdapter$DispatchingInvocationHandler.invoke(ProxyDispatchAdapter.java:94)
	at com.sun.proxy.$Proxy2.stop(Unknown Source)
	at org.gradle.api.internal.tasks.testing.worker.TestWorker$3.run(TestWorker.java:193)
	at org.gradle.api.internal.tasks.testing.worker.TestWorker.executeAndMaintainThreadName(TestWorker.java:129)
	at org.gradle.api.internal.tasks.testing.worker.TestWorker.execute(TestWorker.java:100)
	at org.gradle.api.internal.tasks.testing.worker.TestWorker.execute(TestWorker.java:60)
	at org.gradle.process.internal.worker.child.ActionExecutionWorker.execute(ActionExecutionWorker.java:56)
	at org.gradle.process.internal.worker.child.SystemApplicationClassLoaderWorker.call(SystemApplicationClassLoaderWorker.java:113)
	at org.gradle.process.internal.worker.child.SystemApplicationClassLoaderWorker.call(SystemApplicationClassLoaderWorker.java:65)
	at worker.org.gradle.process.internal.worker.GradleWorkerMain.run(GradleWorkerMain.java:69)
	at worker.org.gradle.process.internal.worker.GradleWorkerMain.main(GradleWorkerMain.java:74)
Caused by: java.lang.IllegalArgumentException: json can not be null or empty
	at com.jayway.jsonpath.internal.Utils.notEmpty(Utils.java:401)
	at com.jayway.jsonpath.JsonPath.read(JsonPath.java:390)
	at com.jayway.jsonpath.JsonPath.read(JsonPath.java:377)
	at org.springframework.test.util.JsonPathExpectationsHelper.evaluateJsonPath(JsonPathExpectationsHelper.java:301)
	... 88 more
</pre>
</span>
</div>
<div class="test">
<a name="find_review_test()"></a>
<h3 class="failures">리뷰 조회 기능</h3>
<span class="code">
<pre>java.lang.AssertionError: No value at JSON path &quot;$.success&quot;
	at org.springframework.test.util.JsonPathExpectationsHelper.evaluateJsonPath(JsonPathExpectationsHelper.java:304)
	at org.springframework.test.util.JsonPathExpectationsHelper.assertValue(JsonPathExpectationsHelper.java:99)
	at org.springframework.test.web.servlet.result.JsonPathResultMatchers.lambda$value$2(JsonPathResultMatchers.java:111)
	at org.springframework.test.web.servlet.MockMvc$1.andExpect(MockMvc.java:214)
	at bdbe.bdbd.review.ReviewRestControllerTest.createReviewTest(ReviewRestControllerTest.java:129)
	at bdbe.bdbd.review.ReviewRestControllerTest.find_review_test(ReviewRestControllerTest.java:138)
	at java.base/jdk.internal.reflect.NativeMethodAccessorImpl.invoke0(Native Method)
	at java.base/jdk.internal.reflect.NativeMethodAccessorImpl.invoke(NativeMethodAccessorImpl.java:62)
	at java.base/jdk.internal.reflect.DelegatingMethodAccessorImpl.invoke(DelegatingMethodAccessorImpl.java:43)
	at java.base/java.lang.reflect.Method.invoke(Method.java:566)
	at org.junit.platform.commons.util.ReflectionUtils.invokeMethod(ReflectionUtils.java:725)
	at org.junit.jupiter.engine.execution.MethodInvocation.proceed(MethodInvocation.java:60)
	at org.junit.jupiter.engine.execution.InvocationInterceptorChain$ValidatingInvocation.proceed(InvocationInterceptorChain.java:131)
	at org.junit.jupiter.engine.extension.TimeoutExtension.intercept(TimeoutExtension.java:149)
	at org.junit.jupiter.engine.extension.TimeoutExtension.interceptTestableMethod(TimeoutExtension.java:140)
	at org.junit.jupiter.engine.extension.TimeoutExtension.interceptTestMethod(TimeoutExtension.java:84)
	at org.junit.jupiter.engine.execution.ExecutableInvoker$ReflectiveInterceptorCall.lambda$ofVoidMethod$0(ExecutableInvoker.java:115)
	at org.junit.jupiter.engine.execution.ExecutableInvoker.lambda$invoke$0(ExecutableInvoker.java:105)
	at org.junit.jupiter.engine.execution.InvocationInterceptorChain$InterceptedInvocation.proceed(InvocationInterceptorChain.java:106)
	at org.junit.jupiter.engine.execution.InvocationInterceptorChain.proceed(InvocationInterceptorChain.java:64)
	at org.junit.jupiter.engine.execution.InvocationInterceptorChain.chainAndInvoke(InvocationInterceptorChain.java:45)
	at org.junit.jupiter.engine.execution.InvocationInterceptorChain.invoke(InvocationInterceptorChain.java:37)
	at org.junit.jupiter.engine.execution.ExecutableInvoker.invoke(ExecutableInvoker.java:104)
	at org.junit.jupiter.engine.execution.ExecutableInvoker.invoke(ExecutableInvoker.java:98)
	at org.junit.jupiter.engine.descriptor.TestMethodTestDescriptor.lambda$invokeTestMethod$7(TestMethodTestDescriptor.java:214)
	at org.junit.platform.engine.support.hierarchical.ThrowableCollector.execute(ThrowableCollector.java:73)
	at org.junit.jupiter.engine.descriptor.TestMethodTestDescriptor.invokeTestMethod(TestMethodTestDescriptor.java:210)
	at org.junit.jupiter.engine.descriptor.TestMethodTestDescriptor.execute(TestMethodTestDescriptor.java:135)
	at org.junit.jupiter.engine.descriptor.TestMethodTestDescriptor.execute(TestMethodTestDescriptor.java:66)
	at org.junit.platform.engine.support.hierarchical.NodeTestTask.lambda$executeRecursively$6(NodeTestTask.java:151)
	at org.junit.platform.engine.support.hierarchical.ThrowableCollector.execute(ThrowableCollector.java:73)
	at org.junit.platform.engine.support.hierarchical.NodeTestTask.lambda$executeRecursively$8(NodeTestTask.java:141)
	at org.junit.platform.engine.support.hierarchical.Node.around(Node.java:137)
	at org.junit.platform.engine.support.hierarchical.NodeTestTask.lambda$executeRecursively$9(NodeTestTask.java:139)
	at org.junit.platform.engine.support.hierarchical.ThrowableCollector.execute(ThrowableCollector.java:73)
	at org.junit.platform.engine.support.hierarchical.NodeTestTask.executeRecursively(NodeTestTask.java:138)
	at org.junit.platform.engine.support.hierarchical.NodeTestTask.execute(NodeTestTask.java:95)
	at java.base/java.util.ArrayList.forEach(ArrayList.java:1541)
	at org.junit.platform.engine.support.hierarchical.SameThreadHierarchicalTestExecutorService.invokeAll(SameThreadHierarchicalTestExecutorService.java:41)
	at org.junit.platform.engine.support.hierarchical.NodeTestTask.lambda$executeRecursively$6(NodeTestTask.java:155)
	at org.junit.platform.engine.support.hierarchical.ThrowableCollector.execute(ThrowableCollector.java:73)
	at org.junit.platform.engine.support.hierarchical.NodeTestTask.lambda$executeRecursively$8(NodeTestTask.java:141)
	at org.junit.platform.engine.support.hierarchical.Node.around(Node.java:137)
	at org.junit.platform.engine.support.hierarchical.NodeTestTask.lambda$executeRecursively$9(NodeTestTask.java:139)
	at org.junit.platform.engine.support.hierarchical.ThrowableCollector.execute(ThrowableCollector.java:73)
	at org.junit.platform.engine.support.hierarchical.NodeTestTask.executeRecursively(NodeTestTask.java:138)
	at org.junit.platform.engine.support.hierarchical.NodeTestTask.execute(NodeTestTask.java:95)
	at java.base/java.util.ArrayList.forEach(ArrayList.java:1541)
	at org.junit.platform.engine.support.hierarchical.SameThreadHierarchicalTestExecutorService.invokeAll(SameThreadHierarchicalTestExecutorService.java:41)
	at org.junit.platform.engine.support.hierarchical.NodeTestTask.lambda$executeRecursively$6(NodeTestTask.java:155)
	at org.junit.platform.engine.support.hierarchical.ThrowableCollector.execute(ThrowableCollector.java:73)
	at org.junit.platform.engine.support.hierarchical.NodeTestTask.lambda$executeRecursively$8(NodeTestTask.java:141)
	at org.junit.platform.engine.support.hierarchical.Node.around(Node.java:137)
	at org.junit.platform.engine.support.hierarchical.NodeTestTask.lambda$executeRecursively$9(NodeTestTask.java:139)
	at org.junit.platform.engine.support.hierarchical.ThrowableCollector.execute(ThrowableCollector.java:73)
	at org.junit.platform.engine.support.hierarchical.NodeTestTask.executeRecursively(NodeTestTask.java:138)
	at org.junit.platform.engine.support.hierarchical.NodeTestTask.execute(NodeTestTask.java:95)
	at org.junit.platform.engine.support.hierarchical.SameThreadHierarchicalTestExecutorService.submit(SameThreadHierarchicalTestExecutorService.java:35)
	at org.junit.platform.engine.support.hierarchical.HierarchicalTestExecutor.execute(HierarchicalTestExecutor.java:57)
	at org.junit.platform.engine.support.hierarchical.HierarchicalTestEngine.execute(HierarchicalTestEngine.java:54)
	at org.junit.platform.launcher.core.EngineExecutionOrchestrator.execute(EngineExecutionOrchestrator.java:107)
	at org.junit.platform.launcher.core.EngineExecutionOrchestrator.execute(EngineExecutionOrchestrator.java:88)
	at org.junit.platform.launcher.core.EngineExecutionOrchestrator.lambda$execute$0(EngineExecutionOrchestrator.java:54)
	at org.junit.platform.launcher.core.EngineExecutionOrchestrator.withInterceptedStreams(EngineExecutionOrchestrator.java:67)
	at org.junit.platform.launcher.core.EngineExecutionOrchestrator.execute(EngineExecutionOrchestrator.java:52)
	at org.junit.platform.launcher.core.DefaultLauncher.execute(DefaultLauncher.java:114)
	at org.junit.platform.launcher.core.DefaultLauncher.execute(DefaultLauncher.java:86)
	at org.junit.platform.launcher.core.DefaultLauncherSession$DelegatingLauncher.execute(DefaultLauncherSession.java:86)
	at org.gradle.api.internal.tasks.testing.junitplatform.JUnitPlatformTestClassProcessor$CollectAllTestClassesExecutor.processAllTestClasses(JUnitPlatformTestClassProcessor.java:110)
	at org.gradle.api.internal.tasks.testing.junitplatform.JUnitPlatformTestClassProcessor$CollectAllTestClassesExecutor.access$000(JUnitPlatformTestClassProcessor.java:90)
	at org.gradle.api.internal.tasks.testing.junitplatform.JUnitPlatformTestClassProcessor.stop(JUnitPlatformTestClassProcessor.java:85)
	at org.gradle.api.internal.tasks.testing.SuiteTestClassProcessor.stop(SuiteTestClassProcessor.java:62)
	at java.base/jdk.internal.reflect.NativeMethodAccessorImpl.invoke0(Native Method)
	at java.base/jdk.internal.reflect.NativeMethodAccessorImpl.invoke(NativeMethodAccessorImpl.java:62)
	at java.base/jdk.internal.reflect.DelegatingMethodAccessorImpl.invoke(DelegatingMethodAccessorImpl.java:43)
	at java.base/java.lang.reflect.Method.invoke(Method.java:566)
	at org.gradle.internal.dispatch.ReflectionDispatch.dispatch(ReflectionDispatch.java:36)
	at org.gradle.internal.dispatch.ReflectionDispatch.dispatch(ReflectionDispatch.java:24)
	at org.gradle.internal.dispatch.ContextClassLoaderDispatch.dispatch(ContextClassLoaderDispatch.java:33)
	at org.gradle.internal.dispatch.ProxyDispatchAdapter$DispatchingInvocationHandler.invoke(ProxyDispatchAdapter.java:94)
	at com.sun.proxy.$Proxy2.stop(Unknown Source)
	at org.gradle.api.internal.tasks.testing.worker.TestWorker$3.run(TestWorker.java:193)
	at org.gradle.api.internal.tasks.testing.worker.TestWorker.executeAndMaintainThreadName(TestWorker.java:129)
	at org.gradle.api.internal.tasks.testing.worker.TestWorker.execute(TestWorker.java:100)
	at org.gradle.api.internal.tasks.testing.worker.TestWorker.execute(TestWorker.java:60)
	at org.gradle.process.internal.worker.child.ActionExecutionWorker.execute(ActionExecutionWorker.java:56)
	at org.gradle.process.internal.worker.child.SystemApplicationClassLoaderWorker.call(SystemApplicationClassLoaderWorker.java:113)
	at org.gradle.process.internal.worker.child.SystemApplicationClassLoaderWorker.call(SystemApplicationClassLoaderWorker.java:65)
	at worker.org.gradle.process.internal.worker.GradleWorkerMain.run(GradleWorkerMain.java:69)
	at worker.org.gradle.process.internal.worker.GradleWorkerMain.main(GradleWorkerMain.java:74)
Caused by: java.lang.IllegalArgumentException: json can not be null or empty
	at com.jayway.jsonpath.internal.Utils.notEmpty(Utils.java:401)
	at com.jayway.jsonpath.JsonPath.read(JsonPath.java:390)
	at com.jayway.jsonpath.JsonPath.read(JsonPath.java:377)
	at org.springframework.test.util.JsonPathExpectationsHelper.evaluateJsonPath(JsonPathExpectationsHelper.java:301)
	... 89 more
</pre>
</span>
</div>
</div>
<div id="tab1" class="tab">
<h2>Tests</h2>
<table>
<thead>
<tr>
<th>Test</th>
<th>Method name</th>
<th>Duration</th>
<th>Result</th>
</tr>
</thead>
<tr>
<td class="failures">리뷰 등록 기능</td>
<td class="failures">createReviewTest()</td>
<td class="failures">0.100s</td>
<td class="failures">failed</td>
</tr>
<tr>
<td class="success">리뷰 키워드 조회 기능</td>
<td class="success">find_reviewKeyword_test()</td>
<td class="success">0.048s</td>
<td class="success">passed</td>
</tr>
<tr>
<td class="failures">리뷰 조회 기능</td>
<td class="failures">find_review_test()</td>
<td class="failures">0.096s</td>
<td class="failures">failed</td>
</tr>
</table>
</div>
<div id="tab2" class="tab">
<h2>Standard output</h2>
<span class="code">
<pre>2023-11-10 21:23:56.137  INFO 87122 --- [    Test worker] .b.t.c.SpringBootTestContextBootstrapper : Neither @ContextConfiguration nor @ContextHierarchy found for test class [bdbe.bdbd.review.ReviewRestControllerTest], using SpringBootContextLoader
2023-11-10 21:23:56.137  INFO 87122 --- [    Test worker] o.s.t.c.support.AbstractContextLoader    : Could not detect default resource locations for test class [bdbe.bdbd.review.ReviewRestControllerTest]: no resource found for suffixes {-context.xml, Context.groovy}.
2023-11-10 21:23:56.138  INFO 87122 --- [    Test worker] t.c.s.AnnotationConfigContextLoaderUtils : Could not detect default configuration classes for test class [bdbe.bdbd.review.ReviewRestControllerTest]: ReviewRestControllerTest does not declare any static, non-private, non-final, nested classes annotated with @Configuration.
2023-11-10 21:23:56.140  INFO 87122 --- [    Test worker] .b.t.c.SpringBootTestContextBootstrapper : Found @SpringBootConfiguration bdbe.bdbd.BdbdApplication for test class bdbe.bdbd.review.ReviewRestControllerTest
2023-11-10 21:23:56.141  INFO 87122 --- [    Test worker] .b.t.c.SpringBootTestContextBootstrapper : Loaded default TestExecutionListener class names from location [META-INF/spring.factories]: [org.springframework.security.test.context.support.WithSecurityContextTestExecutionListener, org.springframework.security.test.context.support.ReactorContextTestExecutionListener, org.springframework.boot.test.autoconfigure.restdocs.RestDocsTestExecutionListener, org.springframework.boot.test.autoconfigure.web.client.MockRestServiceServerResetTestExecutionListener, org.springframework.boot.test.autoconfigure.web.servlet.MockMvcPrintOnlyOnFailureTestExecutionListener, org.springframework.boot.test.autoconfigure.web.servlet.WebDriverTestExecutionListener, org.springframework.boot.test.autoconfigure.webservices.client.MockWebServiceServerTestExecutionListener, org.springframework.boot.test.mock.mockito.MockitoTestExecutionListener, org.springframework.boot.test.mock.mockito.ResetMocksTestExecutionListener, org.springframework.test.context.web.ServletTestExecutionListener, org.springframework.test.context.support.DirtiesContextBeforeModesTestExecutionListener, org.springframework.test.context.event.ApplicationEventsTestExecutionListener, org.springframework.test.context.support.DependencyInjectionTestExecutionListener, org.springframework.test.context.support.DirtiesContextTestExecutionListener, org.springframework.test.context.transaction.TransactionalTestExecutionListener, org.springframework.test.context.jdbc.SqlScriptsTestExecutionListener, org.springframework.test.context.event.EventPublishingTestExecutionListener]
2023-11-10 21:23:56.141  INFO 87122 --- [    Test worker] .b.t.c.SpringBootTestContextBootstrapper : Using TestExecutionListeners: [org.springframework.test.context.web.ServletTestExecutionListener@739785c5, org.springframework.test.context.support.DirtiesContextBeforeModesTestExecutionListener@77f76656, org.springframework.test.context.event.ApplicationEventsTestExecutionListener@73a65712, org.springframework.boot.test.mock.mockito.MockitoTestExecutionListener@a5e9de1, org.springframework.boot.test.autoconfigure.SpringBootDependencyInjectionTestExecutionListener@452888c2, org.springframework.test.context.support.DirtiesContextTestExecutionListener@9a183e7, org.springframework.test.context.transaction.TransactionalTestExecutionListener@487e4b06, org.springframework.test.context.jdbc.SqlScriptsTestExecutionListener@3631667d, org.springframework.security.test.context.support.WithSecurityContextTestExecutionListener@37de86e1, org.springframework.test.context.event.EventPublishingTestExecutionListener@32e58546, org.springframework.security.test.context.support.ReactorContextTestExecutionListener@879ce67, org.springframework.boot.test.autoconfigure.restdocs.RestDocsTestExecutionListener@3546439b, org.springframework.boot.test.autoconfigure.web.client.MockRestServiceServerResetTestExecutionListener@766c225c, org.springframework.boot.test.autoconfigure.web.servlet.MockMvcPrintOnlyOnFailureTestExecutionListener@683d4662, org.springframework.boot.test.autoconfigure.web.servlet.WebDriverTestExecutionListener@2ef1b7f4, org.springframework.boot.test.autoconfigure.webservices.client.MockWebServiceServerTestExecutionListener@29ac632a, org.springframework.boot.test.mock.mockito.ResetMocksTestExecutionListener@3e45ca81]
2023-11-10 21:23:56.153  INFO 87122 --- [    Test worker] o.s.t.c.transaction.TransactionContext   : Began transaction (1) for test context [DefaultTestContext@71cb67a1 testClass = ReviewRestControllerTest, testInstance = bdbe.bdbd.review.ReviewRestControllerTest@d158cbe, testMethod = find_reviewKeyword_test@ReviewRestControllerTest, testException = [null], mergedContextConfiguration = [WebMergedContextConfiguration@645b2ac7 testClass = ReviewRestControllerTest, locations = '{}', classes = '{class bdbe.bdbd.BdbdApplication}', contextInitializerClasses = '[]', activeProfiles = '{}', propertySourceLocations = '{}', propertySourceProperties = '{org.springframework.boot.test.context.SpringBootTestContextBootstrapper=true}', contextCustomizers = set[org.springframework.boot.test.autoconfigure.actuate.metrics.MetricsExportContextCustomizerFactory$DisableMetricExportContextCustomizer@4b3c354a, org.springframework.boot.test.autoconfigure.properties.PropertyMappingContextCustomizer@4b3fa0b3, org.springframework.boot.test.autoconfigure.web.servlet.WebDriverContextCustomizerFactory$Customizer@293d0107, [ImportsContextCustomizer@5e5df559 key = [org.springframework.boot.test.autoconfigure.web.servlet.MockMvcAutoConfiguration, org.springframework.boot.test.autoconfigure.web.servlet.MockMvcWebClientAutoConfiguration, org.springframework.boot.test.autoconfigure.web.servlet.MockMvcWebDriverAutoConfiguration, org.springframework.boot.autoconfigure.security.oauth2.client.servlet.OAuth2ClientAutoConfiguration, org.springframework.boot.autoconfigure.security.oauth2.resource.servlet.OAuth2ResourceServerAutoConfiguration, org.springframework.boot.autoconfigure.security.servlet.SecurityAutoConfiguration, org.springframework.boot.autoconfigure.security.servlet.SecurityFilterAutoConfiguration, org.springframework.boot.autoconfigure.security.servlet.UserDetailsServiceAutoConfiguration, org.springframework.boot.test.autoconfigure.web.servlet.MockMvcSecurityConfiguration, org.springframework.boot.test.autoconfigure.web.reactive.WebTestClientAutoConfiguration]], org.springframework.boot.test.context.filter.ExcludeFilterContextCustomizer@62fad19, org.springframework.boot.test.json.DuplicateJsonObjectContextCustomizerFactory$DuplicateJsonObjectContextCustomizer@4f2613d1, org.springframework.boot.test.mock.mockito.MockitoContextCustomizer@0, org.springframework.boot.test.web.client.TestRestTemplateContextCustomizer@1c55f277, org.springframework.boot.test.context.SpringBootTestArgs@1, org.springframework.boot.test.context.SpringBootTestWebEnvironment@4ea5b703], resourceBasePath = 'src/main/webapp', contextLoader = 'org.springframework.boot.test.context.SpringBootContextLoader', parent = [null]], attributes = map['org.springframework.test.context.web.ServletTestExecutionListener.activateListener' -&gt; true, 'org.springframework.test.context.web.ServletTestExecutionListener.populatedRequestContextHolder' -&gt; true, 'org.springframework.test.context.web.ServletTestExecutionListener.resetRequestContextHolder' -&gt; true, 'org.springframework.test.context.event.ApplicationEventsTestExecutionListener.recordApplicationEvents' -&gt; false]]; transaction manager [org.springframework.orm.jpa.JpaTransactionManager@17fac5b2]; rollback [true]
Hibernate: 
    select
        member0_.id as id1_6_,
        member0_.email as email2_6_,
        member0_.password as password3_6_,
        member0_.role as role4_6_,
        member0_.tel as tel5_6_,
        member0_.username as username6_6_ 
    from
        member member0_ 
    where
        member0_.email=?
2023-11-10 21:23:56.153 TRACE 87122 --- [    Test worker] o.h.type.descriptor.sql.BasicBinder      : binding parameter [1] as [VARCHAR] - [user@nate.com]
2023-11-10 21:23:56.165 TRACE 87122 --- [    Test worker] o.h.type.descriptor.sql.BasicExtractor   : extracted value ([id1_6_] : [BIGINT]) - [1]
2023-11-10 21:23:56.165 TRACE 87122 --- [    Test worker] o.h.type.descriptor.sql.BasicExtractor   : extracted value ([email2_6_] : [VARCHAR]) - [user@nate.com]
2023-11-10 21:23:56.165 TRACE 87122 --- [    Test worker] o.h.type.descriptor.sql.BasicExtractor   : extracted value ([password3_6_] : [VARCHAR]) - [{bcrypt}$2a$10$v8NhNtmO91URnZ9nJIYdSeapN9qj4qxBHuf8Kd/hkms9.eRUEHcQS]
2023-11-10 21:23:56.165 TRACE 87122 --- [    Test worker] o.h.type.descriptor.sql.BasicExtractor   : extracted value ([role4_6_] : [VARCHAR]) - [ROLE_USER]
2023-11-10 21:23:56.165 TRACE 87122 --- [    Test worker] o.h.type.descriptor.sql.BasicExtractor   : extracted value ([tel5_6_] : [VARCHAR]) - [010-1234-5678]
2023-11-10 21:23:56.165 TRACE 87122 --- [    Test worker] o.h.type.descriptor.sql.BasicExtractor   : extracted value ([username6_6_] : [VARCHAR]) - [imnewuser]
응답 Body : 
2023-11-10 21:23:56.190  INFO 87122 --- [    Test worker] o.s.t.c.transaction.TransactionContext   : Rolled back transaction for test: [DefaultTestContext@71cb67a1 testClass = ReviewRestControllerTest, testInstance = bdbe.bdbd.review.ReviewRestControllerTest@d158cbe, testMethod = find_reviewKeyword_test@ReviewRestControllerTest, testException = [null], mergedContextConfiguration = [WebMergedContextConfiguration@645b2ac7 testClass = ReviewRestControllerTest, locations = '{}', classes = '{class bdbe.bdbd.BdbdApplication}', contextInitializerClasses = '[]', activeProfiles = '{}', propertySourceLocations = '{}', propertySourceProperties = '{org.springframework.boot.test.context.SpringBootTestContextBootstrapper=true}', contextCustomizers = set[org.springframework.boot.test.autoconfigure.actuate.metrics.MetricsExportContextCustomizerFactory$DisableMetricExportContextCustomizer@4b3c354a, org.springframework.boot.test.autoconfigure.properties.PropertyMappingContextCustomizer@4b3fa0b3, org.springframework.boot.test.autoconfigure.web.servlet.WebDriverContextCustomizerFactory$Customizer@293d0107, [ImportsContextCustomizer@5e5df559 key = [org.springframework.boot.test.autoconfigure.web.servlet.MockMvcAutoConfiguration, org.springframework.boot.test.autoconfigure.web.servlet.MockMvcWebClientAutoConfiguration, org.springframework.boot.test.autoconfigure.web.servlet.MockMvcWebDriverAutoConfiguration, org.springframework.boot.autoconfigure.security.oauth2.client.servlet.OAuth2ClientAutoConfiguration, org.springframework.boot.autoconfigure.security.oauth2.resource.servlet.OAuth2ResourceServerAutoConfiguration, org.springframework.boot.autoconfigure.security.servlet.SecurityAutoConfiguration, org.springframework.boot.autoconfigure.security.servlet.SecurityFilterAutoConfiguration, org.springframework.boot.autoconfigure.security.servlet.UserDetailsServiceAutoConfiguration, org.springframework.boot.test.autoconfigure.web.servlet.MockMvcSecurityConfiguration, org.springframework.boot.test.autoconfigure.web.reactive.WebTestClientAutoConfiguration]], org.springframework.boot.test.context.filter.ExcludeFilterContextCustomizer@62fad19, org.springframework.boot.test.json.DuplicateJsonObjectContextCustomizerFactory$DuplicateJsonObjectContextCustomizer@4f2613d1, org.springframework.boot.test.mock.mockito.MockitoContextCustomizer@0, org.springframework.boot.test.web.client.TestRestTemplateContextCustomizer@1c55f277, org.springframework.boot.test.context.SpringBootTestArgs@1, org.springframework.boot.test.context.SpringBootTestWebEnvironment@4ea5b703], resourceBasePath = 'src/main/webapp', contextLoader = 'org.springframework.boot.test.context.SpringBootContextLoader', parent = [null]], attributes = map['org.springframework.test.context.web.ServletTestExecutionListener.activateListener' -&gt; true, 'org.springframework.test.context.web.ServletTestExecutionListener.populatedRequestContextHolder' -&gt; true, 'org.springframework.test.context.web.ServletTestExecutionListener.resetRequestContextHolder' -&gt; true, 'org.springframework.test.context.event.ApplicationEventsTestExecutionListener.recordApplicationEvents' -&gt; false]]
2023-11-10 21:23:56.201  INFO 87122 --- [    Test worker] o.s.t.c.transaction.TransactionContext   : Began transaction (1) for test context [DefaultTestContext@71cb67a1 testClass = ReviewRestControllerTest, testInstance = bdbe.bdbd.review.ReviewRestControllerTest@70ccf921, testMethod = createReviewTest@ReviewRestControllerTest, testException = [null], mergedContextConfiguration = [WebMergedContextConfiguration@645b2ac7 testClass = ReviewRestControllerTest, locations = '{}', classes = '{class bdbe.bdbd.BdbdApplication}', contextInitializerClasses = '[]', activeProfiles = '{}', propertySourceLocations = '{}', propertySourceProperties = '{org.springframework.boot.test.context.SpringBootTestContextBootstrapper=true}', contextCustomizers = set[org.springframework.boot.test.autoconfigure.actuate.metrics.MetricsExportContextCustomizerFactory$DisableMetricExportContextCustomizer@4b3c354a, org.springframework.boot.test.autoconfigure.properties.PropertyMappingContextCustomizer@4b3fa0b3, org.springframework.boot.test.autoconfigure.web.servlet.WebDriverContextCustomizerFactory$Customizer@293d0107, [ImportsContextCustomizer@5e5df559 key = [org.springframework.boot.test.autoconfigure.web.servlet.MockMvcAutoConfiguration, org.springframework.boot.test.autoconfigure.web.servlet.MockMvcWebClientAutoConfiguration, org.springframework.boot.test.autoconfigure.web.servlet.MockMvcWebDriverAutoConfiguration, org.springframework.boot.autoconfigure.security.oauth2.client.servlet.OAuth2ClientAutoConfiguration, org.springframework.boot.autoconfigure.security.oauth2.resource.servlet.OAuth2ResourceServerAutoConfiguration, org.springframework.boot.autoconfigure.security.servlet.SecurityAutoConfiguration, org.springframework.boot.autoconfigure.security.servlet.SecurityFilterAutoConfiguration, org.springframework.boot.autoconfigure.security.servlet.UserDetailsServiceAutoConfiguration, org.springframework.boot.test.autoconfigure.web.servlet.MockMvcSecurityConfiguration, org.springframework.boot.test.autoconfigure.web.reactive.WebTestClientAutoConfiguration]], org.springframework.boot.test.context.filter.ExcludeFilterContextCustomizer@62fad19, org.springframework.boot.test.json.DuplicateJsonObjectContextCustomizerFactory$DuplicateJsonObjectContextCustomizer@4f2613d1, org.springframework.boot.test.mock.mockito.MockitoContextCustomizer@0, org.springframework.boot.test.web.client.TestRestTemplateContextCustomizer@1c55f277, org.springframework.boot.test.context.SpringBootTestArgs@1, org.springframework.boot.test.context.SpringBootTestWebEnvironment@4ea5b703], resourceBasePath = 'src/main/webapp', contextLoader = 'org.springframework.boot.test.context.SpringBootContextLoader', parent = [null]], attributes = map['org.springframework.test.context.web.ServletTestExecutionListener.activateListener' -&gt; true, 'org.springframework.test.context.web.ServletTestExecutionListener.populatedRequestContextHolder' -&gt; true, 'org.springframework.test.context.web.ServletTestExecutionListener.resetRequestContextHolder' -&gt; true, 'org.springframework.test.context.event.ApplicationEventsTestExecutionListener.recordApplicationEvents' -&gt; false]]; transaction manager [org.springframework.orm.jpa.JpaTransactionManager@17fac5b2]; rollback [true]
Hibernate: 
    select
        member0_.id as id1_6_,
        member0_.email as email2_6_,
        member0_.password as password3_6_,
        member0_.role as role4_6_,
        member0_.tel as tel5_6_,
        member0_.username as username6_6_ 
    from
        member member0_ 
    where
        member0_.email=?
2023-11-10 21:23:56.202 TRACE 87122 --- [    Test worker] o.h.type.descriptor.sql.BasicBinder      : binding parameter [1] as [VARCHAR] - [user@nate.com]
2023-11-10 21:23:56.213 TRACE 87122 --- [    Test worker] o.h.type.descriptor.sql.BasicExtractor   : extracted value ([id1_6_] : [BIGINT]) - [1]
2023-11-10 21:23:56.214 TRACE 87122 --- [    Test worker] o.h.type.descriptor.sql.BasicExtractor   : extracted value ([email2_6_] : [VARCHAR]) - [user@nate.com]
2023-11-10 21:23:56.214 TRACE 87122 --- [    Test worker] o.h.type.descriptor.sql.BasicExtractor   : extracted value ([password3_6_] : [VARCHAR]) - [{bcrypt}$2a$10$v8NhNtmO91URnZ9nJIYdSeapN9qj4qxBHuf8Kd/hkms9.eRUEHcQS]
2023-11-10 21:23:56.214 TRACE 87122 --- [    Test worker] o.h.type.descriptor.sql.BasicExtractor   : extracted value ([role4_6_] : [VARCHAR]) - [ROLE_USER]
2023-11-10 21:23:56.214 TRACE 87122 --- [    Test worker] o.h.type.descriptor.sql.BasicExtractor   : extracted value ([tel5_6_] : [VARCHAR]) - [010-1234-5678]
2023-11-10 21:23:56.214 TRACE 87122 --- [    Test worker] o.h.type.descriptor.sql.BasicExtractor   : extracted value ([username6_6_] : [VARCHAR]) - [imnewuser]
Hibernate: 
    select
        member0_.id as id1_6_,
        member0_.email as email2_6_,
        member0_.password as password3_6_,
        member0_.role as role4_6_,
        member0_.tel as tel5_6_,
        member0_.username as username6_6_ 
    from
        member member0_ 
    where
        member0_.email=?
2023-11-10 21:23:56.215 TRACE 87122 --- [    Test worker] o.h.type.descriptor.sql.BasicBinder      : binding parameter [1] as [VARCHAR] - [user@nate.com]
2023-11-10 21:23:56.226 TRACE 87122 --- [    Test worker] o.h.type.descriptor.sql.BasicExtractor   : extracted value ([id1_6_] : [BIGINT]) - [1]
Hibernate: 
    select
        reservatio0_.id as id1_8_0_,
        bay1_.id as id1_0_1_,
        carwash2_.id as id1_1_2_,
        reservatio0_.b_id as b_id8_8_0_,
        reservatio0_.created_at as created_2_8_0_,
        reservatio0_.end_time as end_time3_8_0_,
        reservatio0_.is_deleted as is_delet4_8_0_,
        reservatio0_.m_id as m_id9_8_0_,
        reservatio0_.price as price5_8_0_,
        reservatio0_.start_time as start_ti6_8_0_,
        reservatio0_.updated_at as updated_7_8_0_,
        bay1_.bay_num as bay_num2_0_1_,
        bay1_.w_id as w_id4_0_1_,
        bay1_.status as status3_0_1_,
        carwash2_.des as des2_1_2_,
        carwash2_.l_id as l_id7_1_2_,
        carwash2_.m_id as m_id8_1_2_,
        carwash2_.name as name3_1_2_,
        carwash2_.price as price4_1_2_,
        carwash2_.rate as rate5_1_2_,
        carwash2_.tel as tel6_1_2_ 
    from
        reservation reservatio0_ 
    inner join
        bay bay1_ 
            on reservatio0_.b_id=bay1_.id 
    inner join
        carwash carwash2_ 
            on bay1_.w_id=carwash2_.id 
    where
        reservatio0_.m_id=? 
        and reservatio0_.is_deleted=0 limit ?
2023-11-10 21:23:56.228 TRACE 87122 --- [    Test worker] o.h.type.descriptor.sql.BasicBinder      : binding parameter [1] as [BIGINT] - [1]
2023-11-10 21:23:56.239 TRACE 87122 --- [    Test worker] o.h.type.descriptor.sql.BasicExtractor   : extracted value ([id1_8_0_] : [BIGINT]) - [1]
2023-11-10 21:23:56.239 TRACE 87122 --- [    Test worker] o.h.type.descriptor.sql.BasicExtractor   : extracted value ([id1_0_1_] : [BIGINT]) - [1]
2023-11-10 21:23:56.239 TRACE 87122 --- [    Test worker] o.h.type.descriptor.sql.BasicExtractor   : extracted value ([id1_1_2_] : [BIGINT]) - [1]
2023-11-10 21:23:56.239 TRACE 87122 --- [    Test worker] o.h.type.descriptor.sql.BasicExtractor   : extracted value ([b_id8_8_0_] : [BIGINT]) - [1]
2023-11-10 21:23:56.239 TRACE 87122 --- [    Test worker] o.h.type.descriptor.sql.BasicExtractor   : extracted value ([created_2_8_0_] : [TIMESTAMP]) - [2023-10-30T17:19:56.412271]
2023-11-10 21:23:56.239 TRACE 87122 --- [    Test worker] o.h.type.descriptor.sql.BasicExtractor   : extracted value ([end_time3_8_0_] : [TIMESTAMP]) - [2023-11-14T19:30]
2023-11-10 21:23:56.239 TRACE 87122 --- [    Test worker] o.h.type.descriptor.sql.BasicExtractor   : extracted value ([is_delet4_8_0_] : [BOOLEAN]) - [false]
2023-11-10 21:23:56.239 TRACE 87122 --- [    Test worker] o.h.type.descriptor.sql.BasicExtractor   : extracted value ([m_id9_8_0_] : [BIGINT]) - [1]
2023-11-10 21:23:56.239 TRACE 87122 --- [    Test worker] o.h.type.descriptor.sql.BasicExtractor   : extracted value ([price5_8_0_] : [INTEGER]) - [3000]
2023-11-10 21:23:56.239 TRACE 87122 --- [    Test worker] o.h.type.descriptor.sql.BasicExtractor   : extracted value ([start_ti6_8_0_] : [TIMESTAMP]) - [2023-11-14T19:00]
2023-11-10 21:23:56.239 TRACE 87122 --- [    Test worker] o.h.type.descriptor.sql.BasicExtractor   : extracted value ([updated_7_8_0_] : [TIMESTAMP]) - [2023-11-09T02:49:33.315351]
2023-11-10 21:23:56.239 TRACE 87122 --- [    Test worker] o.h.type.descriptor.sql.BasicExtractor   : extracted value ([bay_num2_0_1_] : [INTEGER]) - [1]
2023-11-10 21:23:56.239 TRACE 87122 --- [    Test worker] o.h.type.descriptor.sql.BasicExtractor   : extracted value ([w_id4_0_1_] : [BIGINT]) - [1]
2023-11-10 21:23:56.239 TRACE 87122 --- [    Test worker] o.h.type.descriptor.sql.BasicExtractor   : extracted value ([status3_0_1_] : [INTEGER]) - [1]
2023-11-10 21:23:56.239 TRACE 87122 --- [    Test worker] o.h.type.descriptor.sql.BasicExtractor   : extracted value ([des2_1_2_] : [VARCHAR]) - [안녕하세요]
2023-11-10 21:23:56.239 TRACE 87122 --- [    Test worker] o.h.type.descriptor.sql.BasicExtractor   : extracted value ([l_id7_1_2_] : [BIGINT]) - [1]
2023-11-10 21:23:56.239 TRACE 87122 --- [    Test worker] o.h.type.descriptor.sql.BasicExtractor   : extracted value ([m_id8_1_2_] : [BIGINT]) - [2]
2023-11-10 21:23:56.239 TRACE 87122 --- [    Test worker] o.h.type.descriptor.sql.BasicExtractor   : extracted value ([name3_1_2_] : [VARCHAR]) - [구름r 세차장]
2023-11-10 21:23:56.239 TRACE 87122 --- [    Test worker] o.h.type.descriptor.sql.BasicExtractor   : extracted value ([price4_1_2_] : [INTEGER]) - [3000]
2023-11-10 21:23:56.239 TRACE 87122 --- [    Test worker] o.h.type.descriptor.sql.BasicExtractor   : extracted value ([rate5_1_2_] : [DOUBLE]) - [3.9966666666666715]
2023-11-10 21:23:56.239 TRACE 87122 --- [    Test worker] o.h.type.descriptor.sql.BasicExtractor   : extracted value ([tel6_1_2_] : [VARCHAR]) - [01022223333]
2023-11-10 21:23:56.239 TRACE 87122 --- [    Test worker] org.hibernate.type.CollectionType        : Created collection wrapper: [bdbe.bdbd.model.carwash.Carwash.carwashKeywords#1]
2023-11-10 21:23:56.239 TRACE 87122 --- [    Test worker] org.hibernate.type.CollectionType        : Created collection wrapper: [bdbe.bdbd.model.carwash.Carwash.fileList#1]
Hibernate: 
    select
        location0_.id as id1_5_0_,
        location0_.address as address2_5_0_,
        location0_.latitude as latitude3_5_0_,
        location0_.longitude as longitud4_5_0_ 
    from
        location location0_ 
    where
        location0_.id=?
2023-11-10 21:23:56.240 TRACE 87122 --- [    Test worker] o.h.type.descriptor.sql.BasicBinder      : binding parameter [1] as [BIGINT] - [1]
2023-11-10 21:23:56.251 TRACE 87122 --- [    Test worker] o.h.type.descriptor.sql.BasicExtractor   : extracted value ([address2_5_0_] : [VARCHAR]) - [구름 주소]
2023-11-10 21:23:56.251 TRACE 87122 --- [    Test worker] o.h.type.descriptor.sql.BasicExtractor   : extracted value ([latitude3_5_0_] : [DOUBLE]) - [1.121]
2023-11-10 21:23:56.251 TRACE 87122 --- [    Test worker] o.h.type.descriptor.sql.BasicExtractor   : extracted value ([longitud4_5_0_] : [DOUBLE]) - [2.232]
Hibernate: 
    select
        keyword0_.id as id1_4_,
        keyword0_.name as name2_4_,
        keyword0_.type as type3_4_ 
    from
        keyword keyword0_ 
    where
        keyword0_.type=?
2023-11-10 21:23:56.252 DEBUG 87122 --- [    Test worker] tributeConverterSqlTypeDescriptorAdapter : Converted value on binding : REVIEW -&gt; 2
2023-11-10 21:23:56.252 TRACE 87122 --- [    Test worker] o.h.type.descriptor.sql.BasicBinder      : binding parameter [1] as [INTEGER] - [2]
2023-11-10 21:23:56.263 TRACE 87122 --- [    Test worker] o.h.type.descriptor.sql.BasicExtractor   : extracted value ([id1_4_] : [BIGINT]) - [3]
2023-11-10 21:23:56.263 TRACE 87122 --- [    Test worker] o.h.type.descriptor.sql.BasicExtractor   : extracted value ([name2_4_] : [VARCHAR]) - [사장님이 친절해요]
2023-11-10 21:23:56.263 TRACE 87122 --- [    Test worker] o.h.type.descriptor.sql.BasicExtractor   : extracted value ([type3_4_] : [INTEGER]) - [2]
2023-11-10 21:23:56.263 DEBUG 87122 --- [    Test worker] tributeConverterSqlTypeDescriptorAdapter : Converted value on extraction: 2 -&gt; REVIEW
2023-11-10 21:23:56.263 TRACE 87122 --- [    Test worker] o.h.type.descriptor.sql.BasicExtractor   : extracted value ([id1_4_] : [BIGINT]) - [6]
2023-11-10 21:23:56.263 TRACE 87122 --- [    Test worker] o.h.type.descriptor.sql.BasicExtractor   : extracted value ([name2_4_] : [VARCHAR]) - [매장이 깨끗해요]
2023-11-10 21:23:56.263 TRACE 87122 --- [    Test worker] o.h.type.descriptor.sql.BasicExtractor   : extracted value ([type3_4_] : [INTEGER]) - [2]
2023-11-10 21:23:56.263 DEBUG 87122 --- [    Test worker] tributeConverterSqlTypeDescriptorAdapter : Converted value on extraction: 2 -&gt; REVIEW
2023-11-10 21:23:56.263 TRACE 87122 --- [    Test worker] o.h.type.descriptor.sql.BasicExtractor   : extracted value ([id1_4_] : [BIGINT]) - [8]
2023-11-10 21:23:56.263 TRACE 87122 --- [    Test worker] o.h.type.descriptor.sql.BasicExtractor   : extracted value ([name2_4_] : [VARCHAR]) - [가격이 합리적이에요]
2023-11-10 21:23:56.263 TRACE 87122 --- [    Test worker] o.h.type.descriptor.sql.BasicExtractor   : extracted value ([type3_4_] : [INTEGER]) - [2]
2023-11-10 21:23:56.263 DEBUG 87122 --- [    Test worker] tributeConverterSqlTypeDescriptorAdapter : Converted value on extraction: 2 -&gt; REVIEW
2023-11-10 21:23:56.263 TRACE 87122 --- [    Test worker] o.h.type.descriptor.sql.BasicExtractor   : extracted value ([id1_4_] : [BIGINT]) - [9]
2023-11-10 21:23:56.263 TRACE 87122 --- [    Test worker] o.h.type.descriptor.sql.BasicExtractor   : extracted value ([name2_4_] : [VARCHAR]) - [간단한 용품을 팔아요]
2023-11-10 21:23:56.263 TRACE 87122 --- [    Test worker] o.h.type.descriptor.sql.BasicExtractor   : extracted value ([type3_4_] : [INTEGER]) - [2]
2023-11-10 21:23:56.263 DEBUG 87122 --- [    Test worker] tributeConverterSqlTypeDescriptorAdapter : Converted value on extraction: 2 -&gt; REVIEW
2023-11-10 21:23:56.263 TRACE 87122 --- [    Test worker] o.h.type.descriptor.sql.BasicExtractor   : extracted value ([id1_4_] : [BIGINT]) - [10]
2023-11-10 21:23:56.263 TRACE 87122 --- [    Test worker] o.h.type.descriptor.sql.BasicExtractor   : extracted value ([name2_4_] : [VARCHAR]) - [휴게공간이 있어요]
2023-11-10 21:23:56.263 TRACE 87122 --- [    Test worker] o.h.type.descriptor.sql.BasicExtractor   : extracted value ([type3_4_] : [INTEGER]) - [2]
2023-11-10 21:23:56.263 DEBUG 87122 --- [    Test worker] tributeConverterSqlTypeDescriptorAdapter : Converted value on extraction: 2 -&gt; REVIEW
idList:
keywordId = 3
keywordId = 6
keywordId = 8
keywordId = 9
keywordId = 10
요청 데이터 : {&quot;carwashId&quot;:1,&quot;reservationId&quot;:1,&quot;keywordIdList&quot;:[3,6,8,9,10],&quot;rate&quot;:5,&quot;comment&quot;:&quot;좋네요&quot;}
응답 Body : 

MockHttpServletRequest:
      HTTP Method = POST
      Request URI = /api/reviews
       Parameters = {}
          Headers = [Content-Type:&quot;application/json;charset=UTF-8&quot;, Content-Length:&quot;93&quot;]
             Body = {&quot;carwashId&quot;:1,&quot;reservationId&quot;:1,&quot;keywordIdList&quot;:[3,6,8,9,10],&quot;rate&quot;:5,&quot;comment&quot;:&quot;좋네요&quot;}
    Session Attrs = {}

Handler:
             Type = org.springframework.web.servlet.resource.ResourceHttpRequestHandler

Async:
    Async started = false
     Async result = null

Resolved Exception:
             Type = null

ModelAndView:
        View name = null
             View = null
            Model = null

FlashMap:
       Attributes = null

MockHttpServletResponse:
           Status = 404
    Error message = null
          Headers = [Vary:&quot;Origin&quot;, &quot;Access-Control-Request-Method&quot;, &quot;Access-Control-Request-Headers&quot;, X-Content-Type-Options:&quot;nosniff&quot;, X-XSS-Protection:&quot;1; mode=block&quot;, Cache-Control:&quot;no-cache, no-store, max-age=0, must-revalidate&quot;, Pragma:&quot;no-cache&quot;, Expires:&quot;0&quot;, X-Frame-Options:&quot;SAMEORIGIN&quot;]
     Content type = null
             Body = 
    Forwarded URL = null
   Redirected URL = null
          Cookies = []
2023-11-10 21:23:56.290  INFO 87122 --- [    Test worker] o.s.t.c.transaction.TransactionContext   : Rolled back transaction for test: [DefaultTestContext@71cb67a1 testClass = ReviewRestControllerTest, testInstance = bdbe.bdbd.review.ReviewRestControllerTest@70ccf921, testMethod = createReviewTest@ReviewRestControllerTest, testException = java.lang.AssertionError: No value at JSON path &quot;$.success&quot;, mergedContextConfiguration = [WebMergedContextConfiguration@645b2ac7 testClass = ReviewRestControllerTest, locations = '{}', classes = '{class bdbe.bdbd.BdbdApplication}', contextInitializerClasses = '[]', activeProfiles = '{}', propertySourceLocations = '{}', propertySourceProperties = '{org.springframework.boot.test.context.SpringBootTestContextBootstrapper=true}', contextCustomizers = set[org.springframework.boot.test.autoconfigure.actuate.metrics.MetricsExportContextCustomizerFactory$DisableMetricExportContextCustomizer@4b3c354a, org.springframework.boot.test.autoconfigure.properties.PropertyMappingContextCustomizer@4b3fa0b3, org.springframework.boot.test.autoconfigure.web.servlet.WebDriverContextCustomizerFactory$Customizer@293d0107, [ImportsContextCustomizer@5e5df559 key = [org.springframework.boot.test.autoconfigure.web.servlet.MockMvcAutoConfiguration, org.springframework.boot.test.autoconfigure.web.servlet.MockMvcWebClientAutoConfiguration, org.springframework.boot.test.autoconfigure.web.servlet.MockMvcWebDriverAutoConfiguration, org.springframework.boot.autoconfigure.security.oauth2.client.servlet.OAuth2ClientAutoConfiguration, org.springframework.boot.autoconfigure.security.oauth2.resource.servlet.OAuth2ResourceServerAutoConfiguration, org.springframework.boot.autoconfigure.security.servlet.SecurityAutoConfiguration, org.springframework.boot.autoconfigure.security.servlet.SecurityFilterAutoConfiguration, org.springframework.boot.autoconfigure.security.servlet.UserDetailsServiceAutoConfiguration, org.springframework.boot.test.autoconfigure.web.servlet.MockMvcSecurityConfiguration, org.springframework.boot.test.autoconfigure.web.reactive.WebTestClientAutoConfiguration]], org.springframework.boot.test.context.filter.ExcludeFilterContextCustomizer@62fad19, org.springframework.boot.test.json.DuplicateJsonObjectContextCustomizerFactory$DuplicateJsonObjectContextCustomizer@4f2613d1, org.springframework.boot.test.mock.mockito.MockitoContextCustomizer@0, org.springframework.boot.test.web.client.TestRestTemplateContextCustomizer@1c55f277, org.springframework.boot.test.context.SpringBootTestArgs@1, org.springframework.boot.test.context.SpringBootTestWebEnvironment@4ea5b703], resourceBasePath = 'src/main/webapp', contextLoader = 'org.springframework.boot.test.context.SpringBootContextLoader', parent = [null]], attributes = map['org.springframework.test.context.web.ServletTestExecutionListener.activateListener' -&gt; true, 'org.springframework.test.context.web.ServletTestExecutionListener.populatedRequestContextHolder' -&gt; true, 'org.springframework.test.context.web.ServletTestExecutionListener.resetRequestContextHolder' -&gt; true, 'org.springframework.test.context.event.ApplicationEventsTestExecutionListener.recordApplicationEvents' -&gt; false]]
2023-11-10 21:23:56.301  INFO 87122 --- [    Test worker] o.s.t.c.transaction.TransactionContext   : Began transaction (1) for test context [DefaultTestContext@71cb67a1 testClass = ReviewRestControllerTest, testInstance = bdbe.bdbd.review.ReviewRestControllerTest@3f02095, testMethod = find_review_test@ReviewRestControllerTest, testException = [null], mergedContextConfiguration = [WebMergedContextConfiguration@645b2ac7 testClass = ReviewRestControllerTest, locations = '{}', classes = '{class bdbe.bdbd.BdbdApplication}', contextInitializerClasses = '[]', activeProfiles = '{}', propertySourceLocations = '{}', propertySourceProperties = '{org.springframework.boot.test.context.SpringBootTestContextBootstrapper=true}', contextCustomizers = set[org.springframework.boot.test.autoconfigure.actuate.metrics.MetricsExportContextCustomizerFactory$DisableMetricExportContextCustomizer@4b3c354a, org.springframework.boot.test.autoconfigure.properties.PropertyMappingContextCustomizer@4b3fa0b3, org.springframework.boot.test.autoconfigure.web.servlet.WebDriverContextCustomizerFactory$Customizer@293d0107, [ImportsContextCustomizer@5e5df559 key = [org.springframework.boot.test.autoconfigure.web.servlet.MockMvcAutoConfiguration, org.springframework.boot.test.autoconfigure.web.servlet.MockMvcWebClientAutoConfiguration, org.springframework.boot.test.autoconfigure.web.servlet.MockMvcWebDriverAutoConfiguration, org.springframework.boot.autoconfigure.security.oauth2.client.servlet.OAuth2ClientAutoConfiguration, org.springframework.boot.autoconfigure.security.oauth2.resource.servlet.OAuth2ResourceServerAutoConfiguration, org.springframework.boot.autoconfigure.security.servlet.SecurityAutoConfiguration, org.springframework.boot.autoconfigure.security.servlet.SecurityFilterAutoConfiguration, org.springframework.boot.autoconfigure.security.servlet.UserDetailsServiceAutoConfiguration, org.springframework.boot.test.autoconfigure.web.servlet.MockMvcSecurityConfiguration, org.springframework.boot.test.autoconfigure.web.reactive.WebTestClientAutoConfiguration]], org.springframework.boot.test.context.filter.ExcludeFilterContextCustomizer@62fad19, org.springframework.boot.test.json.DuplicateJsonObjectContextCustomizerFactory$DuplicateJsonObjectContextCustomizer@4f2613d1, org.springframework.boot.test.mock.mockito.MockitoContextCustomizer@0, org.springframework.boot.test.web.client.TestRestTemplateContextCustomizer@1c55f277, org.springframework.boot.test.context.SpringBootTestArgs@1, org.springframework.boot.test.context.SpringBootTestWebEnvironment@4ea5b703], resourceBasePath = 'src/main/webapp', contextLoader = 'org.springframework.boot.test.context.SpringBootContextLoader', parent = [null]], attributes = map['org.springframework.test.context.web.ServletTestExecutionListener.activateListener' -&gt; true, 'org.springframework.test.context.web.ServletTestExecutionListener.populatedRequestContextHolder' -&gt; true, 'org.springframework.test.context.web.ServletTestExecutionListener.resetRequestContextHolder' -&gt; true, 'org.springframework.test.context.event.ApplicationEventsTestExecutionListener.recordApplicationEvents' -&gt; false]]; transaction manager [org.springframework.orm.jpa.JpaTransactionManager@17fac5b2]; rollback [true]
Hibernate: 
    select
        member0_.id as id1_6_,
        member0_.email as email2_6_,
        member0_.password as password3_6_,
        member0_.role as role4_6_,
        member0_.tel as tel5_6_,
        member0_.username as username6_6_ 
    from
        member member0_ 
    where
        member0_.email=?
2023-11-10 21:23:56.302 TRACE 87122 --- [    Test worker] o.h.type.descriptor.sql.BasicBinder      : binding parameter [1] as [VARCHAR] - [user@nate.com]
2023-11-10 21:23:56.313 TRACE 87122 --- [    Test worker] o.h.type.descriptor.sql.BasicExtractor   : extracted value ([id1_6_] : [BIGINT]) - [1]
2023-11-10 21:23:56.313 TRACE 87122 --- [    Test worker] o.h.type.descriptor.sql.BasicExtractor   : extracted value ([email2_6_] : [VARCHAR]) - [user@nate.com]
2023-11-10 21:23:56.313 TRACE 87122 --- [    Test worker] o.h.type.descriptor.sql.BasicExtractor   : extracted value ([password3_6_] : [VARCHAR]) - [{bcrypt}$2a$10$v8NhNtmO91URnZ9nJIYdSeapN9qj4qxBHuf8Kd/hkms9.eRUEHcQS]
2023-11-10 21:23:56.313 TRACE 87122 --- [    Test worker] o.h.type.descriptor.sql.BasicExtractor   : extracted value ([role4_6_] : [VARCHAR]) - [ROLE_USER]
2023-11-10 21:23:56.313 TRACE 87122 --- [    Test worker] o.h.type.descriptor.sql.BasicExtractor   : extracted value ([tel5_6_] : [VARCHAR]) - [010-1234-5678]
2023-11-10 21:23:56.313 TRACE 87122 --- [    Test worker] o.h.type.descriptor.sql.BasicExtractor   : extracted value ([username6_6_] : [VARCHAR]) - [imnewuser]
Hibernate: 
    select
        member0_.id as id1_6_,
        member0_.email as email2_6_,
        member0_.password as password3_6_,
        member0_.role as role4_6_,
        member0_.tel as tel5_6_,
        member0_.username as username6_6_ 
    from
        member member0_ 
    where
        member0_.email=?
2023-11-10 21:23:56.314 TRACE 87122 --- [    Test worker] o.h.type.descriptor.sql.BasicBinder      : binding parameter [1] as [VARCHAR] - [user@nate.com]
2023-11-10 21:23:56.325 TRACE 87122 --- [    Test worker] o.h.type.descriptor.sql.BasicExtractor   : extracted value ([id1_6_] : [BIGINT]) - [1]
Hibernate: 
    select
        reservatio0_.id as id1_8_0_,
        bay1_.id as id1_0_1_,
        carwash2_.id as id1_1_2_,
        reservatio0_.b_id as b_id8_8_0_,
        reservatio0_.created_at as created_2_8_0_,
        reservatio0_.end_time as end_time3_8_0_,
        reservatio0_.is_deleted as is_delet4_8_0_,
        reservatio0_.m_id as m_id9_8_0_,
        reservatio0_.price as price5_8_0_,
        reservatio0_.start_time as start_ti6_8_0_,
        reservatio0_.updated_at as updated_7_8_0_,
        bay1_.bay_num as bay_num2_0_1_,
        bay1_.w_id as w_id4_0_1_,
        bay1_.status as status3_0_1_,
        carwash2_.des as des2_1_2_,
        carwash2_.l_id as l_id7_1_2_,
        carwash2_.m_id as m_id8_1_2_,
        carwash2_.name as name3_1_2_,
        carwash2_.price as price4_1_2_,
        carwash2_.rate as rate5_1_2_,
        carwash2_.tel as tel6_1_2_ 
    from
        reservation reservatio0_ 
    inner join
        bay bay1_ 
            on reservatio0_.b_id=bay1_.id 
    inner join
        carwash carwash2_ 
            on bay1_.w_id=carwash2_.id 
    where
        reservatio0_.m_id=? 
        and reservatio0_.is_deleted=0 limit ?
2023-11-10 21:23:56.326 TRACE 87122 --- [    Test worker] o.h.type.descriptor.sql.BasicBinder      : binding parameter [1] as [BIGINT] - [1]
2023-11-10 21:23:56.337 TRACE 87122 --- [    Test worker] o.h.type.descriptor.sql.BasicExtractor   : extracted value ([id1_8_0_] : [BIGINT]) - [1]
2023-11-10 21:23:56.337 TRACE 87122 --- [    Test worker] o.h.type.descriptor.sql.BasicExtractor   : extracted value ([id1_0_1_] : [BIGINT]) - [1]
2023-11-10 21:23:56.337 TRACE 87122 --- [    Test worker] o.h.type.descriptor.sql.BasicExtractor   : extracted value ([id1_1_2_] : [BIGINT]) - [1]
2023-11-10 21:23:56.337 TRACE 87122 --- [    Test worker] o.h.type.descriptor.sql.BasicExtractor   : extracted value ([b_id8_8_0_] : [BIGINT]) - [1]
2023-11-10 21:23:56.337 TRACE 87122 --- [    Test worker] o.h.type.descriptor.sql.BasicExtractor   : extracted value ([created_2_8_0_] : [TIMESTAMP]) - [2023-10-30T17:19:56.412271]
2023-11-10 21:23:56.337 TRACE 87122 --- [    Test worker] o.h.type.descriptor.sql.BasicExtractor   : extracted value ([end_time3_8_0_] : [TIMESTAMP]) - [2023-11-14T19:30]
2023-11-10 21:23:56.337 TRACE 87122 --- [    Test worker] o.h.type.descriptor.sql.BasicExtractor   : extracted value ([is_delet4_8_0_] : [BOOLEAN]) - [false]
2023-11-10 21:23:56.337 TRACE 87122 --- [    Test worker] o.h.type.descriptor.sql.BasicExtractor   : extracted value ([m_id9_8_0_] : [BIGINT]) - [1]
2023-11-10 21:23:56.337 TRACE 87122 --- [    Test worker] o.h.type.descriptor.sql.BasicExtractor   : extracted value ([price5_8_0_] : [INTEGER]) - [3000]
2023-11-10 21:23:56.337 TRACE 87122 --- [    Test worker] o.h.type.descriptor.sql.BasicExtractor   : extracted value ([start_ti6_8_0_] : [TIMESTAMP]) - [2023-11-14T19:00]
2023-11-10 21:23:56.337 TRACE 87122 --- [    Test worker] o.h.type.descriptor.sql.BasicExtractor   : extracted value ([updated_7_8_0_] : [TIMESTAMP]) - [2023-11-09T02:49:33.315351]
2023-11-10 21:23:56.337 TRACE 87122 --- [    Test worker] o.h.type.descriptor.sql.BasicExtractor   : extracted value ([bay_num2_0_1_] : [INTEGER]) - [1]
2023-11-10 21:23:56.337 TRACE 87122 --- [    Test worker] o.h.type.descriptor.sql.BasicExtractor   : extracted value ([w_id4_0_1_] : [BIGINT]) - [1]
2023-11-10 21:23:56.337 TRACE 87122 --- [    Test worker] o.h.type.descriptor.sql.BasicExtractor   : extracted value ([status3_0_1_] : [INTEGER]) - [1]
2023-11-10 21:23:56.338 TRACE 87122 --- [    Test worker] o.h.type.descriptor.sql.BasicExtractor   : extracted value ([des2_1_2_] : [VARCHAR]) - [안녕하세요]
2023-11-10 21:23:56.338 TRACE 87122 --- [    Test worker] o.h.type.descriptor.sql.BasicExtractor   : extracted value ([l_id7_1_2_] : [BIGINT]) - [1]
2023-11-10 21:23:56.338 TRACE 87122 --- [    Test worker] o.h.type.descriptor.sql.BasicExtractor   : extracted value ([m_id8_1_2_] : [BIGINT]) - [2]
2023-11-10 21:23:56.338 TRACE 87122 --- [    Test worker] o.h.type.descriptor.sql.BasicExtractor   : extracted value ([name3_1_2_] : [VARCHAR]) - [구름r 세차장]
2023-11-10 21:23:56.338 TRACE 87122 --- [    Test worker] o.h.type.descriptor.sql.BasicExtractor   : extracted value ([price4_1_2_] : [INTEGER]) - [3000]
2023-11-10 21:23:56.338 TRACE 87122 --- [    Test worker] o.h.type.descriptor.sql.BasicExtractor   : extracted value ([rate5_1_2_] : [DOUBLE]) - [3.9966666666666715]
2023-11-10 21:23:56.338 TRACE 87122 --- [    Test worker] o.h.type.descriptor.sql.BasicExtractor   : extracted value ([tel6_1_2_] : [VARCHAR]) - [01022223333]
2023-11-10 21:23:56.338 TRACE 87122 --- [    Test worker] org.hibernate.type.CollectionType        : Created collection wrapper: [bdbe.bdbd.model.carwash.Carwash.carwashKeywords#1]
2023-11-10 21:23:56.338 TRACE 87122 --- [    Test worker] org.hibernate.type.CollectionType        : Created collection wrapper: [bdbe.bdbd.model.carwash.Carwash.fileList#1]
Hibernate: 
    select
        location0_.id as id1_5_0_,
        location0_.address as address2_5_0_,
        location0_.latitude as latitude3_5_0_,
        location0_.longitude as longitud4_5_0_ 
    from
        location location0_ 
    where
        location0_.id=?
2023-11-10 21:23:56.338 TRACE 87122 --- [    Test worker] o.h.type.descriptor.sql.BasicBinder      : binding parameter [1] as [BIGINT] - [1]
2023-11-10 21:23:56.348 TRACE 87122 --- [    Test worker] o.h.type.descriptor.sql.BasicExtractor   : extracted value ([address2_5_0_] : [VARCHAR]) - [구름 주소]
2023-11-10 21:23:56.348 TRACE 87122 --- [    Test worker] o.h.type.descriptor.sql.BasicExtractor   : extracted value ([latitude3_5_0_] : [DOUBLE]) - [1.121]
2023-11-10 21:23:56.348 TRACE 87122 --- [    Test worker] o.h.type.descriptor.sql.BasicExtractor   : extracted value ([longitud4_5_0_] : [DOUBLE]) - [2.232]
Hibernate: 
    select
        keyword0_.id as id1_4_,
        keyword0_.name as name2_4_,
        keyword0_.type as type3_4_ 
    from
        keyword keyword0_ 
    where
        keyword0_.type=?
2023-11-10 21:23:56.349 DEBUG 87122 --- [    Test worker] tributeConverterSqlTypeDescriptorAdapter : Converted value on binding : REVIEW -&gt; 2
2023-11-10 21:23:56.349 TRACE 87122 --- [    Test worker] o.h.type.descriptor.sql.BasicBinder      : binding parameter [1] as [INTEGER] - [2]
2023-11-10 21:23:56.360 TRACE 87122 --- [    Test worker] o.h.type.descriptor.sql.BasicExtractor   : extracted value ([id1_4_] : [BIGINT]) - [3]
2023-11-10 21:23:56.360 TRACE 87122 --- [    Test worker] o.h.type.descriptor.sql.BasicExtractor   : extracted value ([name2_4_] : [VARCHAR]) - [사장님이 친절해요]
2023-11-10 21:23:56.360 TRACE 87122 --- [    Test worker] o.h.type.descriptor.sql.BasicExtractor   : extracted value ([type3_4_] : [INTEGER]) - [2]
2023-11-10 21:23:56.360 DEBUG 87122 --- [    Test worker] tributeConverterSqlTypeDescriptorAdapter : Converted value on extraction: 2 -&gt; REVIEW
2023-11-10 21:23:56.360 TRACE 87122 --- [    Test worker] o.h.type.descriptor.sql.BasicExtractor   : extracted value ([id1_4_] : [BIGINT]) - [6]
2023-11-10 21:23:56.360 TRACE 87122 --- [    Test worker] o.h.type.descriptor.sql.BasicExtractor   : extracted value ([name2_4_] : [VARCHAR]) - [매장이 깨끗해요]
2023-11-10 21:23:56.360 TRACE 87122 --- [    Test worker] o.h.type.descriptor.sql.BasicExtractor   : extracted value ([type3_4_] : [INTEGER]) - [2]
2023-11-10 21:23:56.360 DEBUG 87122 --- [    Test worker] tributeConverterSqlTypeDescriptorAdapter : Converted value on extraction: 2 -&gt; REVIEW
2023-11-10 21:23:56.360 TRACE 87122 --- [    Test worker] o.h.type.descriptor.sql.BasicExtractor   : extracted value ([id1_4_] : [BIGINT]) - [8]
2023-11-10 21:23:56.360 TRACE 87122 --- [    Test worker] o.h.type.descriptor.sql.BasicExtractor   : extracted value ([name2_4_] : [VARCHAR]) - [가격이 합리적이에요]
2023-11-10 21:23:56.360 TRACE 87122 --- [    Test worker] o.h.type.descriptor.sql.BasicExtractor   : extracted value ([type3_4_] : [INTEGER]) - [2]
2023-11-10 21:23:56.360 DEBUG 87122 --- [    Test worker] tributeConverterSqlTypeDescriptorAdapter : Converted value on extraction: 2 -&gt; REVIEW
2023-11-10 21:23:56.360 TRACE 87122 --- [    Test worker] o.h.type.descriptor.sql.BasicExtractor   : extracted value ([id1_4_] : [BIGINT]) - [9]
2023-11-10 21:23:56.360 TRACE 87122 --- [    Test worker] o.h.type.descriptor.sql.BasicExtractor   : extracted value ([name2_4_] : [VARCHAR]) - [간단한 용품을 팔아요]
2023-11-10 21:23:56.360 TRACE 87122 --- [    Test worker] o.h.type.descriptor.sql.BasicExtractor   : extracted value ([type3_4_] : [INTEGER]) - [2]
2023-11-10 21:23:56.360 DEBUG 87122 --- [    Test worker] tributeConverterSqlTypeDescriptorAdapter : Converted value on extraction: 2 -&gt; REVIEW
2023-11-10 21:23:56.360 TRACE 87122 --- [    Test worker] o.h.type.descriptor.sql.BasicExtractor   : extracted value ([id1_4_] : [BIGINT]) - [10]
2023-11-10 21:23:56.360 TRACE 87122 --- [    Test worker] o.h.type.descriptor.sql.BasicExtractor   : extracted value ([name2_4_] : [VARCHAR]) - [휴게공간이 있어요]
2023-11-10 21:23:56.360 TRACE 87122 --- [    Test worker] o.h.type.descriptor.sql.BasicExtractor   : extracted value ([type3_4_] : [INTEGER]) - [2]
2023-11-10 21:23:56.360 DEBUG 87122 --- [    Test worker] tributeConverterSqlTypeDescriptorAdapter : Converted value on extraction: 2 -&gt; REVIEW
idList:
keywordId = 3
keywordId = 6
keywordId = 8
keywordId = 9
keywordId = 10
요청 데이터 : {&quot;carwashId&quot;:1,&quot;reservationId&quot;:1,&quot;keywordIdList&quot;:[3,6,8,9,10],&quot;rate&quot;:5,&quot;comment&quot;:&quot;좋네요&quot;}
응답 Body : 

MockHttpServletRequest:
      HTTP Method = POST
      Request URI = /api/reviews
       Parameters = {}
          Headers = [Content-Type:&quot;application/json;charset=UTF-8&quot;, Content-Length:&quot;93&quot;]
             Body = {&quot;carwashId&quot;:1,&quot;reservationId&quot;:1,&quot;keywordIdList&quot;:[3,6,8,9,10],&quot;rate&quot;:5,&quot;comment&quot;:&quot;좋네요&quot;}
    Session Attrs = {}

Handler:
             Type = org.springframework.web.servlet.resource.ResourceHttpRequestHandler

Async:
    Async started = false
     Async result = null

Resolved Exception:
             Type = null

ModelAndView:
        View name = null
             View = null
            Model = null

FlashMap:
       Attributes = null

MockHttpServletResponse:
           Status = 404
    Error message = null
          Headers = [Vary:&quot;Origin&quot;, &quot;Access-Control-Request-Method&quot;, &quot;Access-Control-Request-Headers&quot;, X-Content-Type-Options:&quot;nosniff&quot;, X-XSS-Protection:&quot;1; mode=block&quot;, Cache-Control:&quot;no-cache, no-store, max-age=0, must-revalidate&quot;, Pragma:&quot;no-cache&quot;, Expires:&quot;0&quot;, X-Frame-Options:&quot;SAMEORIGIN&quot;]
     Content type = null
             Body = 
    Forwarded URL = null
   Redirected URL = null
          Cookies = []
2023-11-10 21:23:56.386  INFO 87122 --- [    Test worker] o.s.t.c.transaction.TransactionContext   : Rolled back transaction for test: [DefaultTestContext@71cb67a1 testClass = ReviewRestControllerTest, testInstance = bdbe.bdbd.review.ReviewRestControllerTest@3f02095, testMethod = find_review_test@ReviewRestControllerTest, testException = java.lang.AssertionError: No value at JSON path &quot;$.success&quot;, mergedContextConfiguration = [WebMergedContextConfiguration@645b2ac7 testClass = ReviewRestControllerTest, locations = '{}', classes = '{class bdbe.bdbd.BdbdApplication}', contextInitializerClasses = '[]', activeProfiles = '{}', propertySourceLocations = '{}', propertySourceProperties = '{org.springframework.boot.test.context.SpringBootTestContextBootstrapper=true}', contextCustomizers = set[org.springframework.boot.test.autoconfigure.actuate.metrics.MetricsExportContextCustomizerFactory$DisableMetricExportContextCustomizer@4b3c354a, org.springframework.boot.test.autoconfigure.properties.PropertyMappingContextCustomizer@4b3fa0b3, org.springframework.boot.test.autoconfigure.web.servlet.WebDriverContextCustomizerFactory$Customizer@293d0107, [ImportsContextCustomizer@5e5df559 key = [org.springframework.boot.test.autoconfigure.web.servlet.MockMvcAutoConfiguration, org.springframework.boot.test.autoconfigure.web.servlet.MockMvcWebClientAutoConfiguration, org.springframework.boot.test.autoconfigure.web.servlet.MockMvcWebDriverAutoConfiguration, org.springframework.boot.autoconfigure.security.oauth2.client.servlet.OAuth2ClientAutoConfiguration, org.springframework.boot.autoconfigure.security.oauth2.resource.servlet.OAuth2ResourceServerAutoConfiguration, org.springframework.boot.autoconfigure.security.servlet.SecurityAutoConfiguration, org.springframework.boot.autoconfigure.security.servlet.SecurityFilterAutoConfiguration, org.springframework.boot.autoconfigure.security.servlet.UserDetailsServiceAutoConfiguration, org.springframework.boot.test.autoconfigure.web.servlet.MockMvcSecurityConfiguration, org.springframework.boot.test.autoconfigure.web.reactive.WebTestClientAutoConfiguration]], org.springframework.boot.test.context.filter.ExcludeFilterContextCustomizer@62fad19, org.springframework.boot.test.json.DuplicateJsonObjectContextCustomizerFactory$DuplicateJsonObjectContextCustomizer@4f2613d1, org.springframework.boot.test.mock.mockito.MockitoContextCustomizer@0, org.springframework.boot.test.web.client.TestRestTemplateContextCustomizer@1c55f277, org.springframework.boot.test.context.SpringBootTestArgs@1, org.springframework.boot.test.context.SpringBootTestWebEnvironment@4ea5b703], resourceBasePath = 'src/main/webapp', contextLoader = 'org.springframework.boot.test.context.SpringBootContextLoader', parent = [null]], attributes = map['org.springframework.test.context.web.ServletTestExecutionListener.activateListener' -&gt; true, 'org.springframework.test.context.web.ServletTestExecutionListener.populatedRequestContextHolder' -&gt; true, 'org.springframework.test.context.web.ServletTestExecutionListener.resetRequestContextHolder' -&gt; true, 'org.springframework.test.context.event.ApplicationEventsTestExecutionListener.recordApplicationEvents' -&gt; false]]
</pre>
</span>
</div>
</div>
<div id="footer">
<p>
<div>
<label class="hidden" id="label-for-line-wrapping-toggle" for="line-wrapping-toggle">Wrap lines
<input id="line-wrapping-toggle" type="checkbox" autocomplete="off"/>
</label>
</div>Generated by 
<a href="http://www.gradle.org">Gradle 8.2.1</a> at 2023. 11. 10. 오후 9:23:56</p>
</div>
</div>
</body>
</html>
